<?xml version="1.0" encoding="UTF-8"?>
<!-- Generated by org.testng.reporters.JUnitReportReporter -->
<testsuite skipped="0" hostname="DESKTOP-IAHLSLS" name="test.LoanTest" tests="3" failures="0" timestamp="2022-09-04T09:25:00 IST" time="0.768" errors="0">
  <testcase name="PersonalLoanTest" time="0.195" classname="test.LoanTest"/>
  <system-out/>
  <testcase name="PersonalLoanTest2" time="0.009" classname="test.LoanTest"/>
  <system-out/>
  <testcase name="HomeLoan" time="0.564" classname="test.LoanTest"/>
  <system-out/>
</testsuite> <!-- test.LoanTest -->
