<?xml version="1.0" encoding="UTF-8"?>
<!-- Generated by org.testng.reporters.JUnitReportReporter -->
<testsuite skipped="0" hostname="DESKTOP-IAHLSLS" name="test.CardTest" tests="1" failures="0" timestamp="2022-09-03T12:45:32 IST" time="0.016" errors="0">
  <testcase name="CCTEst" time="0.016" classname="test.CardTest"/>
  <system-out/>
</testsuite> <!-- test.CardTest -->
